0 verbose cli [ '/home/ec2-user/.nvm/versions/node/v10.24.1/bin/node',
0 verbose cli   '/home/ec2-user/.nvm/versions/node/v10.24.1/bin/npm',
0 verbose cli   'run-script',
0 verbose cli   'build' ]
1 info using npm@7.14.0
2 info using node@v10.24.1
3 timing npm:load:whichnode Completed in 2ms
4 timing config:load:defaults Completed in 2ms
5 timing config:load:file:/home/ec2-user/.nvm/versions/node/v10.24.1/lib/node_modules/npm/npmrc Completed in 1ms
6 timing config:load:builtin Completed in 2ms
7 timing config:load:cli Completed in 5ms
8 timing config:load:env Completed in 1ms
9 timing config:load:project Completed in 2ms
10 timing config:load:file:/home/ec2-user/.npmrc Completed in 1ms
11 timing config:load:user Completed in 1ms
12 timing config:load:file:/home/ec2-user/.nvm/versions/node/v10.24.1/etc/npmrc Completed in 0ms
13 timing config:load:global Completed in 0ms
14 timing config:load:validate Completed in 1ms
15 timing config:load:credentials Completed in 1ms
16 timing config:load:setEnvs Completed in 1ms
17 timing config:load Completed in 16ms
18 timing npm:load:configload Completed in 16ms
19 timing npm:load:setTitle Completed in 1ms
20 timing npm:load:setupLog Completed in 2ms
21 timing npm:load:cleanupLog Completed in 3ms
22 timing npm:load:configScope Completed in 0ms
23 timing npm:load:projectScope Completed in 1ms
24 timing npm:load Completed in 26ms
25 timing config:load:flatten Completed in 3ms
26 timing command:run-script Completed in 3ms
27 verbose stack Error: Missing script: "build"
27 verbose stack
27 verbose stack To see a list of scripts, run:
27 verbose stack   npm run
27 verbose stack     at RunScript.run (/home/ec2-user/.nvm/versions/node/v10.24.1/lib/node_modules/npm/lib/run-script.js:105:13)
28 verbose cwd /home/ec2-user/environment
29 verbose Linux 4.14.231-173.361.amzn2.x86_64
30 verbose argv "/home/ec2-user/.nvm/versions/node/v10.24.1/bin/node" "/home/ec2-user/.nvm/versions/node/v10.24.1/bin/npm" "run-script" "build"
31 verbose node v10.24.1
32 verbose npm  v7.14.0
33 error Missing script: "build"
33 error
33 error To see a list of scripts, run:
33 error   npm run
34 verbose exit 1
